Connecting to database specified by database.yml
Compiled jquery.js  (3ms)  (pid 8789)
Compiled jquery_ujs.js  (0ms)  (pid 8789)
Compiled application.js  (22ms)  (pid 8789)
Compiled application.css  (0ms)  (pid 8789)
Connecting to database specified by database.yml
Compiled jquery.js  (2ms)  (pid 8789)
Compiled jquery_ujs.js  (0ms)  (pid 8789)
Compiled application.js  (21ms)  (pid 8789)
Compiled application.css  (0ms)  (pid 8789)
Connecting to database specified by database.yml
Connecting to database specified by database.yml
Compiled jquery.js  (3ms)  (pid 8800)
Compiled jquery_ujs.js  (3ms)  (pid 8800)
Compiled application.js  (25ms)  (pid 8800)
Compiled application.css  (0ms)  (pid 8800)
Connecting to database specified by database.yml
Compiled jquery.js  (3ms)  (pid 8800)
Compiled jquery_ujs.js  (0ms)  (pid 8800)
Compiled application.js  (24ms)  (pid 8800)
Compiled application.css  (0ms)  (pid 8800)
